<?xml version="1.0" encoding="UTF-8"?>
<!-- Generated by org.testng.reporters.JUnitXMLReporter -->
<testsuite ignored="9" hostname="DESKTOP-95BEDQV" failures="0" tests="1" name="Default test" time="0.1" errors="0" timestamp="2024-12-19T16:11:57 IST">
  <testcase classname="AllLogicalProgramms.AllLogicalProgramms" name="method" time="0.018"/>
  <testcase classname="AllLogicalProgramms.AllLogicalProgramms" name="printASSCIIValuesOfGivenString" time="0.0">
    <ignored/>
  </testcase> <!-- printASSCIIValuesOfGivenString -->
  <testcase classname="AllLogicalProgramms.AllLogicalProgramms" name="sortTheGivenArrayInAscendingOrder" time="0.0">
    <ignored/>
  </testcase> <!-- sortTheGivenArrayInAscendingOrder -->
  <testcase classname="AllLogicalProgramms.AllLogicalProgramms" name="reverseAlternateWordFromGivenStringOriginal" time="0.0">
    <ignored/>
  </testcase> <!-- reverseAlternateWordFromGivenStringOriginal -->
  <testcase classname="AllLogicalProgramms.AllLogicalProgramms" name="getCharacterWithRepeatedCountAsASameString" time="0.0">
    <ignored/>
  </testcase> <!-- getCharacterWithRepeatedCountAsASameString -->
  <testcase classname="AllLogicalProgramms.AllLogicalProgramms" name="reverseGivenLongStringWithSpace" time="0.0">
    <ignored/>
  </testcase> <!-- reverseGivenLongStringWithSpace -->
  <testcase classname="AllLogicalProgramms.AllLogicalProgramms" name="getTheOccurenceOfSpecificCharacterAndItsRepeatation" time="0.0">
    <ignored/>
  </testcase> <!-- getTheOccurenceOfSpecificCharacterAndItsRepeatation -->
  <testcase classname="AllLogicalProgramms.AllLogicalProgramms" name="getTheDuplicateCharacters" time="0.0">
    <ignored/>
  </testcase> <!-- getTheDuplicateCharacters -->
  <testcase classname="AllLogicalProgramms.AllLogicalProgramms" name="sortTheGivenArrayInDescendingOrder" time="0.0">
    <ignored/>
  </testcase> <!-- sortTheGivenArrayInDescendingOrder -->
  <testcase classname="AllLogicalProgramms.AllLogicalProgramms" name="findPrimeNumbersUpTo10" time="0.0">
    <ignored/>
  </testcase> <!-- findPrimeNumbersUpTo10 -->
</testsuite> <!-- Default test -->
