<?xml version="1.0" encoding="UTF-8"?>
<!-- Generated by org.testng.reporters.JUnitXMLReporter -->
<testsuite ignored="1" hostname="DESKTOP-95BEDQV" failures="0" tests="1" name="Default test" time="0.096" errors="0" timestamp="2024-12-24T12:30:43 IST">
  <testcase classname="ImportantStringLogicalProgramms.ImportantStringLogicals" name="getCharacterWithRepeatedCountAsASameString" time="0.018"/>
  <testcase classname="ImportantStringLogicalProgramms.ImportantStringLogicals" name="getCharacterWithRepeatedCountAsASameStringUsingMap" time="0.0">
    <ignored/>
  </testcase> <!-- getCharacterWithRepeatedCountAsASameStringUsingMap -->
</testsuite> <!-- Default test -->
