<?xml version="1.0" encoding="UTF-8"?>
<testng-results ignored="0" total="1" passed="1" failed="0" skipped="0">
  <reporter-output>
  </reporter-output>
  <suite started-at="2024-12-19T16:11:57 IST" name="Default suite" finished-at="2024-12-19T16:11:57 IST" duration-ms="100">
    <groups>
    </groups>
    <test started-at="2024-12-19T16:11:57 IST" name="Default test" finished-at="2024-12-19T16:11:57 IST" duration-ms="100">
      <class name="AllLogicalProgramms.AllLogicalProgramms">
        <test-method signature="method()[pri:0, instance:AllLogicalProgramms.AllLogicalProgramms@43195e57]" started-at="2024-12-19T16:11:57 IST" name="method" finished-at="2024-12-19T16:11:57 IST" duration-ms="18" status="PASS">
          <reporter-output>
          </reporter-output>
        </test-method> <!-- method -->
      </class> <!-- AllLogicalProgramms.AllLogicalProgramms -->
    </test> <!-- Default test -->
  </suite> <!-- Default suite -->
</testng-results>
